2021-05-23 22:13:18,475 [Worker-3: Loading available Gradle versions] INFO  o.e.b.c.i.u.g.PublishedGradleVersions - Gradle version information cache is out-of-date. Trying to update.
2021-05-23 22:15:31,586 [Worker-2: Building] INFO  o.e.m.c.i.l.LifecycleMappingFactory - Using org.eclipse.m2e.jdt.JarLifecycleMapping lifecycle mapping for MavenProject: de.tekup:SOAP-WS:0.0.1-SNAPSHOT @ C:\Users\Samira\Documents\NewSTS\soap-loan-D-master\pom.xml.
2021-05-23 22:15:32,820 [Worker-2: Building] INFO  o.e.m.c.i.embedder.EclipseLogger - Generating source...
2021-05-23 22:15:32,891 [Worker-2: Building] INFO  o.e.m.c.i.embedder.EclipseLogger - analyse dun schéma...
2021-05-23 22:15:33,694 [Worker-8: Updating Maven Dependencies] INFO  o.e.m.c.i.l.LifecycleMappingFactory - Using org.eclipse.m2e.jdt.JarLifecycleMapping lifecycle mapping for MavenProject: de.tekup:SOAP-WS:0.0.1-SNAPSHOT @ C:\Users\Samira\Documents\NewSTS\soap-loan-D-master\pom.xml.
2021-05-23 22:16:06,661 [Worker-6: Building] INFO  o.e.m.c.i.embedder.EclipseLogger - Generating source...
2021-05-23 22:16:06,667 [Worker-6: Building] INFO  o.e.m.c.i.embedder.EclipseLogger - analyse dun schéma...
2021-05-23 22:17:11,701 [Worker-2: Update Maven projects configuration] INFO  o.e.m.c.i.p.ProjectConfigurationManager - Update started
2021-05-23 22:17:12,245 [Worker-2: Update Maven projects configuration] INFO  o.e.m.c.i.l.LifecycleMappingFactory - Using org.eclipse.m2e.jdt.JarLifecycleMapping lifecycle mapping for MavenProject: com.example:demo:0.0.1-SNAPSHOT @ C:\Users\Samira\Documents\NewSTS\DS-Soap\pom.xml.
2021-05-23 22:17:13,199 [Worker-2: Update Maven projects configuration] INFO  o.e.m.c.i.embedder.EclipseLogger - Generating source...
2021-05-23 22:17:13,206 [Worker-2: Update Maven projects configuration] INFO  o.e.m.c.i.embedder.EclipseLogger - analyse dun schéma...
2021-05-23 22:17:13,749 [Worker-7: Building] INFO  o.e.m.c.i.embedder.EclipseLogger - Generating source...
2021-05-23 22:17:13,757 [Worker-7: Building] INFO  o.e.m.c.i.embedder.EclipseLogger - analyse dun schéma...
2021-05-23 22:19:46,860 [Worker-3: Updating Maven Project] INFO  o.e.m.c.i.p.ProjectConfigurationManager - Update started
2021-05-23 22:19:47,752 [Worker-3: Updating Maven Project] INFO  o.e.m.c.i.l.LifecycleMappingFactory - Using org.eclipse.m2e.jdt.JarLifecycleMapping lifecycle mapping for MavenProject: de.tekup:SOAP-WS:0.0.1-SNAPSHOT @ C:\Users\Samira\Documents\NewSTS\soap-loan-D-master\pom.xml.
2021-05-23 22:19:48,243 [Worker-3: Updating Maven Project] INFO  o.e.m.c.i.l.LifecycleMappingFactory - Using org.eclipse.m2e.jdt.JarLifecycleMapping lifecycle mapping for MavenProject: com.example:demo:0.0.1-SNAPSHOT @ C:\Users\Samira\Documents\NewSTS\DS-Soap\pom.xml.
2021-05-23 22:19:48,849 [Worker-3: Updating Maven Project] INFO  o.e.m.c.i.embedder.EclipseLogger - Generating source...
2021-05-23 22:19:48,877 [Worker-3: Updating Maven Project] INFO  o.e.m.c.i.embedder.EclipseLogger - analyse dun schéma...
2021-05-23 22:35:49,826 [Worker-0: Loading available Gradle versions] INFO  o.e.b.c.i.u.g.PublishedGradleVersions - Gradle version information cache is up-to-date. Trying to read.
2021-05-23 22:35:58,417 [main] INFO  o.e.m2e.actions.ExecutePomAction - Creating new launch configuration
2021-05-23 22:36:22,976 [Worker-5: Launching soap-loan-D-master] INFO  o.e.m.i.launch.MavenLaunchDelegate - C:\Users\Samira\Documents\NewSTS\soap-loan-D-master
2021-05-23 22:36:22,979 [Worker-5: Launching soap-loan-D-master] INFO  o.e.m.i.launch.MavenLaunchDelegate -  mvn -Ppom.xml -B clean install compile -Dstyle.color=always
